
*** Running vivado
    with args -log blk_mem_gen_0.vds -m64 -product Vivado -mode batch -messageDb vivado.pb -notrace -source blk_mem_gen_0.tcl


ECHO 处于关闭状态。
ECHO 处于关闭状态。

****** Vivado v2023.1 (64-bit)
  **** SW Build 3865809 on Sun May  7 15:05:29 MDT 2023
  **** IP Build 3864474 on Sun May  7 20:36:21 MDT 2023
  **** SharedData Build 3865790 on Sun May 07 13:33:03 MDT 2023
    ** Copyright 1986-2022 Xilinx, Inc. All Rights Reserved.
    ** Copyright 2022-2023 Advanced Micro Devices, Inc. All Rights Reserved.

source blk_mem_gen_0.tcl -notrace
INFO: [IP_Flow 19-6924] IPCACHE: Running cache check for IP inst: blk_mem_gen_0
INFO: [IP_Flow 19-6922] IPCACHE: Exporting cached entry caf5293743709e55 to dir: E:/VivadoProject/CSON/project_1/project_1.runs/blk_mem_gen_0_synth_1
INFO: [IP_Flow 19-6928] IPCACHE: copied cached file e:/VivadoProject/CSON/project_1/project_1.cache/ip/2023.1/c/a/caf5293743709e55/blk_mem_gen_0.dcp to E:/VivadoProject/CSON/project_1/project_1.runs/blk_mem_gen_0_synth_1/blk_mem_gen_0.dcp.
INFO: [IP_Flow 19-6928] IPCACHE: copied cached file e:/VivadoProject/CSON/project_1/project_1.cache/ip/2023.1/c/a/caf5293743709e55/blk_mem_gen_0_sim_netlist.v to E:/VivadoProject/CSON/project_1/project_1.runs/blk_mem_gen_0_synth_1/blk_mem_gen_0_sim_netlist.v.
INFO: [IP_Flow 19-6928] IPCACHE: copied cached file e:/VivadoProject/CSON/project_1/project_1.cache/ip/2023.1/c/a/caf5293743709e55/blk_mem_gen_0_sim_netlist.vhdl to E:/VivadoProject/CSON/project_1/project_1.runs/blk_mem_gen_0_synth_1/blk_mem_gen_0_sim_netlist.vhdl.
INFO: [IP_Flow 19-6928] IPCACHE: copied cached file e:/VivadoProject/CSON/project_1/project_1.cache/ip/2023.1/c/a/caf5293743709e55/blk_mem_gen_0_stub.v to E:/VivadoProject/CSON/project_1/project_1.runs/blk_mem_gen_0_synth_1/blk_mem_gen_0_stub.v.
INFO: [IP_Flow 19-6928] IPCACHE: copied cached file e:/VivadoProject/CSON/project_1/project_1.cache/ip/2023.1/c/a/caf5293743709e55/blk_mem_gen_0_stub.vhdl to E:/VivadoProject/CSON/project_1/project_1.runs/blk_mem_gen_0_synth_1/blk_mem_gen_0_stub.vhdl.
INFO: [IP_Flow 19-4838] Using cached IP synthesis design for IP blk_mem_gen_0, cache-ID = caf5293743709e55.
INFO: [Common 17-206] Exiting Vivado at Wed May 29 21:32:49 2024...
